[GET Create] User=loki MemberID=33 Created="29-08-2025 07:28:09" Modified="29-08-2025 16:08:01"
----- 29-08-2025 16:16:46 -----
__RequestVerificationToken = VS4PLbl92-1-3wGY6WGXMvRu2iw-shnTeVRPs5PHtKvEv3n8MQ_wI2PF9Hg7tEXVwbS2Z_P9TJ9BLYA3-Mu_YNlTixRizqB_2s8Xx2RetkuSky-eRMhuTJ1th5iQOX3yI960LH-mCfpfl2jHFlzpdA2
Member.Member_Name = logesh kumar
Member.MemberNo = 1001
Member.DispStatus = 1
Member.Member_Reg_Date = 29-08-2025 07:28:00
Member.Member_Sdate = 29-08-2025 07:28:09
Member.Member_Edate = 29-08-2026 07:28:09
Member.Member_Photo_Path = /Uploads/MemberPhotos/33/image/37147d89-a57d-4e0e-9762-2b9df5507419.jpg
Member.ModifiedBy = loki
Member.ModifiedDateTime = 29-08-2025 16:08:01
Member.UIserID = loki
Member.MemberDNo = 202520011001
Member.CreatedBy = loki
Member.Gender = 2
Member.Member_DOB = 2001-02-28
Member.Member_Age = 24
Member.BldGID = 1
Member.Member_Mobile_No = 6369507903
Member.Member_WhatsApp_No = 
Member.Member_Landline_No = 
Member.Member_EmailID = logeshkumar2528@gmail.com
Member.Member_Addr1 = IPC Church 93 Gandhi Main Road Oragadam
Member.Member_Addr2 = 
Member.Member_City = Chennai
Member.StateID = 1
Member.Member_Country = India
Member.Member_Pincode = 000000
Member.Member_Per_Addr1 = IPC Church 93 Gandhi Main Road Oragadam
Member.Member_Per_Addr2 = 
Member.Member_Per_City = Chennai
Member.PStateID = 1
Member.Member_Per_Country = India
Member.Member_Per_Pincode = 000000
Member.Member_Nativity = Kerala
MaritalStatus = Married
Member.Spouse_Name = testing
Member.Spouse_DOB = 2001-02-28
Member.Date_Of_Marriage = 2024-02-28
Member.Total_Children = 1
Member.Family_Photo_Path = /Uploads/FamilyPhotos/33/0a3dcf91-5c36-497d-a01f-83b722b57eca.jpg
Children[0].Child_Name = master
Children[0].Child_DOB = 2025-08-07
Children[0].Child_Age = 0
Children[0].Child_Gender = 1
Children[0].Child_Current_Position = 5
Children[0].Child_MaritalStatus = 1
Member.EmploymentType = Self
Member.Business_Name = slice
Member.Business_Location = slice
Member.Occupation = slice
MemberIn[] = 
Since[] = 
CurrentDesignation[] = 
Member.Interests_and_Hobbies = hiii
Member.Reference_By = Self
Member.Reference_Contact_No = 6369507903
[POST Save] User=loki MemberID=33 Created="29-08-2025 07:28:09" Modified="29-08-2025 16:16:46"
[GET Create] User=loki MemberID=33 Created="29-08-2025 07:28:09" Modified="29-08-2025 16:16:46"
[GET Create] User=loki MemberID=33 Created="29-08-2025 07:28:09" Modified="29-08-2025 16:16:46"
[GET Create] User=loki MemberID=33 Created="29-08-2025 07:28:09" Modified="29-08-2025 16:16:46"
----- 29-08-2025 16:29:58 -----
__RequestVerificationToken = Wgpby3twxxeGD0rhYJR8hgsltXred9zh1xb5OHmIgVvRornL-PVSoy-_bzahQaeookP2naiws_ZzFvkQEcb_7Bm4zUwBzLP_aHwMwYef2SpgF4d9yJe-IJtPxBoyJWyRmNR7YSil2oL4m_luY4gTQQ2
Member.Member_Name = logesh kumar
Member.MemberNo = 1001
Member.DispStatus = 1
Member.Member_Reg_Date = 29-08-2025 07:28:00
Member.Member_Sdate = 29-08-2025 07:28:09
Member.Member_Edate = 29-08-2026 07:28:09
Member.Member_Photo_Path = /Uploads/MemberPhotos/33/image/37147d89-a57d-4e0e-9762-2b9df5507419.jpg
Member.ModifiedBy = loki
Member.ModifiedDateTime = 29-08-2025 16:16:46
Member.UIserID = loki
Member.MemberDNo = 202520011001
Member.CreatedBy = loki
Member.Gender = 2
Member.Member_DOB = 2001-02-28
Member.Member_Age = 24
Member.BldGID = 1
Member.Member_Mobile_No = 6369507903
Member.Member_WhatsApp_No = 
Member.Member_Landline_No = 
Member.Member_EmailID = logeshkumar2528@gmail.com
Member.Member_Addr1 = IPC Church 93 Gandhi Main Road Oragadam
Member.Member_Addr2 = 
Member.Member_City = Chennai
Member.StateID = 1
Member.Member_Country = India
Member.Member_Pincode = 000000
Member.Member_Per_Addr1 = IPC Church 93 Gandhi Main Road Oragadam
Member.Member_Per_Addr2 = 
Member.Member_Per_City = Chennai
Member.PStateID = 1
Member.Member_Per_Country = India
Member.Member_Per_Pincode = 000000
Member.Member_Nativity = Kerala
MaritalStatus = Married
Member.Spouse_Name = testing
Member.Spouse_DOB = 2001-02-28
Member.Date_Of_Marriage = 2024-02-28
Member.Total_Children = 1
Member.Family_Photo_Path = /Uploads/FamilyPhotos/33/0a3dcf91-5c36-497d-a01f-83b722b57eca.jpg
Children[0].Child_Name = master
Children[0].Child_DOB = 2025-08-07
Children[0].Child_Age = 0
Children[0].Child_Gender = 1
Children[0].Child_Current_Position = 5
Children[0].Child_MaritalStatus = 1
Member.EmploymentType = Salaried
Member.Salaried_Location = chennai
Member.Occupation = slice
MemberIn[] = 
Since[] = 
CurrentDesignation[] = 
Member.Interests_and_Hobbies = hiii
Member.Reference_By = Self
Member.Reference_Contact_No = 6369507903
[POST Save] User=loki MemberID=33 Created="29-08-2025 07:28:09" Modified="29-08-2025 16:29:58"
[GET Create] User=loki MemberID=33 Created="29-08-2025 07:28:09" Modified="29-08-2025 16:29:58"
----- 29-08-2025 16:30:26 -----
__RequestVerificationToken = wduRpIqDlXEX7cs1Idfar-n-EBEoSdXtbHztbc3DHF8szlNHG91LFNjWQHIDJTBkZHaeuVJf2aUIe3QWn96KCE4IfTwTXSBoL9UlxJbiQ1JbXUTHfbGZjzI-y_PPJW4O3Rd60Y8f99VwxUHPo5-2Ew2
Member.Member_Name = logesh kumar
Member.MemberNo = 1001
Member.DispStatus = 1
Member.Member_Reg_Date = 29-08-2025 07:28:00
Member.Member_Sdate = 29-08-2025 07:28:09
Member.Member_Edate = 29-08-2026 07:28:09
Member.Member_Photo_Path = /Uploads/MemberPhotos/33/image/37147d89-a57d-4e0e-9762-2b9df5507419.jpg
Member.ModifiedBy = loki
Member.ModifiedDateTime = 29-08-2025 16:29:58
Member.UIserID = loki
Member.MemberDNo = 202520011001
Member.CreatedBy = loki
Member.Gender = 2
Member.Member_DOB = 2001-02-28
Member.Member_Age = 24
Member.BldGID = 1
Member.Member_Mobile_No = 6369507903
Member.Member_WhatsApp_No = 
Member.Member_Landline_No = 
Member.Member_EmailID = logeshkumar2528@gmail.com
Member.Member_Addr1 = IPC Church 93 Gandhi Main Road Oragadam
Member.Member_Addr2 = 
Member.Member_City = Chennai
Member.StateID = 1
Member.Member_Country = India
Member.Member_Pincode = 000000
Member.Member_Per_Addr1 = IPC Church 93 Gandhi Main Road Oragadam
Member.Member_Per_Addr2 = 
Member.Member_Per_City = Chennai
Member.PStateID = 1
Member.Member_Per_Country = India
Member.Member_Per_Pincode = 000000
Member.Member_Nativity = Kerala
MaritalStatus = Married
Member.Spouse_Name = testing
Member.Spouse_DOB = 2001-02-28
Member.Date_Of_Marriage = 2024-02-28
Member.Total_Children = 1
Member.Family_Photo_Path = /Uploads/FamilyPhotos/33/0a3dcf91-5c36-497d-a01f-83b722b57eca.jpg
Children[0].Child_Name = master
Children[0].Child_DOB = 2025-08-07
Children[0].Child_Age = 0
Children[0].Child_Gender = 1
Children[0].Child_Current_Position = 5
Children[0].Child_MaritalStatus = 1
Member.EmploymentType = Self
Member.Business_Name = main
Member.Business_Location = main
Member.Occupation = main 
MemberIn[] = 
Since[] = 
CurrentDesignation[] = 
Member.Interests_and_Hobbies = hiii
Member.Reference_By = Self
Member.Reference_Contact_No = 6369507903
[POST Save] User=loki MemberID=33 Created="29-08-2025 07:28:09" Modified="29-08-2025 16:30:26"
[GET Create] User=loki MemberID=33 Created="29-08-2025 07:28:09" Modified="29-08-2025 16:30:26"
----- 29-08-2025 16:30:39 -----
__RequestVerificationToken = UEHYBDpu4PQwGKAHI5JiiVug4KoKzZ86QekGRrWmfCnVJAlB57i_3CXq9wZYkq8xQz6hEyA-JCsMNMVjCZSwF6UgEnV_zLXD6vwbzo3uQwMobtDwvDgTbi3H6l8oUX83iZghgoLpp5baMSCeUoovmw2
Member.Member_Name = logesh kumar
Member.MemberNo = 1001
Member.DispStatus = 1
Member.Member_Reg_Date = 29-08-2025 07:28:00
Member.Member_Sdate = 29-08-2025 07:28:09
Member.Member_Edate = 29-08-2026 07:28:09
Member.Member_Photo_Path = /Uploads/MemberPhotos/33/image/37147d89-a57d-4e0e-9762-2b9df5507419.jpg
Member.ModifiedBy = loki
Member.ModifiedDateTime = 29-08-2025 16:30:26
Member.UIserID = loki
Member.MemberDNo = 202520011001
Member.CreatedBy = loki
Member.Gender = 2
Member.Member_DOB = 2001-02-28
Member.Member_Age = 24
Member.BldGID = 1
Member.Member_Mobile_No = 6369507903
Member.Member_WhatsApp_No = 
Member.Member_Landline_No = 
Member.Member_EmailID = logeshkumar2528@gmail.com
Member.Member_Addr1 = IPC Church 93 Gandhi Main Road Oragadam
Member.Member_Addr2 = 
Member.Member_City = Chennai
Member.StateID = 1
Member.Member_Country = India
Member.Member_Pincode = 000000
Member.Member_Per_Addr1 = IPC Church 93 Gandhi Main Road Oragadam
Member.Member_Per_Addr2 = 
Member.Member_Per_City = Chennai
Member.PStateID = 1
Member.Member_Per_Country = India
Member.Member_Per_Pincode = 000000
Member.Member_Nativity = Kerala
MaritalStatus = Married
Member.Spouse_Name = testing
Member.Spouse_DOB = 2001-02-28
Member.Date_Of_Marriage = 2024-02-28
Member.Total_Children = 1
Member.Family_Photo_Path = /Uploads/FamilyPhotos/33/0a3dcf91-5c36-497d-a01f-83b722b57eca.jpg
Children[0].Child_Name = master
Children[0].Child_DOB = 2025-08-07
Children[0].Child_Age = 0
Children[0].Child_Gender = 1
Children[0].Child_Current_Position = 5
Children[0].Child_MaritalStatus = 1
Member.EmploymentType = Salaried
Member.Salaried_Location = hello
Member.Occupation = main 
MemberIn[] = 
Since[] = 
CurrentDesignation[] = 
Member.Interests_and_Hobbies = hiii
Member.Reference_By = Self
Member.Reference_Contact_No = 6369507903
[POST Save] User=loki MemberID=33 Created="29-08-2025 07:28:09" Modified="29-08-2025 16:30:39"
[GET Create] User=loki MemberID=33 Created="29-08-2025 07:28:09" Modified="29-08-2025 16:30:39"
[GET Create] User=loki MemberID=33 Created="29-08-2025 07:28:09" Modified="29-08-2025 16:30:39"
----- 29-08-2025 16:32:15 -----
__RequestVerificationToken = NG8I4GKpN1qoSiUTc9aXkTEx6mQ-xbyp1sobJ4T8xByk1MguoYG-al2lBmIyKS2mWqnKF6etlT34tJ9_1pxgPrmUXAD9_pKGs65KVCtUK6Yfx2KmbIR0tmmAM-udnUh0IYM1zdBVfi7Ze4-MHiKBZA2
Member.Member_Name = logesh kumar
Member.MemberNo = 1001
Member.DispStatus = 1
Member.Member_Reg_Date = 29-08-2025 07:28:00
Member.Member_Sdate = 29-08-2025 07:28:09
Member.Member_Edate = 29-08-2026 07:28:09
Member.Member_Photo_Path = /Uploads/MemberPhotos/33/image/37147d89-a57d-4e0e-9762-2b9df5507419.jpg
Member.ModifiedBy = loki
Member.ModifiedDateTime = 29-08-2025 16:30:39
Member.UIserID = loki
Member.MemberDNo = 202520011001
Member.CreatedBy = loki
Member.Gender = 2
Member.Member_DOB = 2001-02-28
Member.Member_Age = 24
Member.BldGID = 1
Member.Member_Mobile_No = 6369507903
Member.Member_WhatsApp_No = 
Member.Member_Landline_No = 
Member.Member_EmailID = logeshkumar2528@gmail.com
Member.Member_Addr1 = IPC Church 93 Gandhi Main Road Oragadam
Member.Member_Addr2 = 
Member.Member_City = Chennai
Member.StateID = 1
Member.Member_Country = India
Member.Member_Pincode = 000000
Member.Member_Per_Addr1 = IPC Church 93 Gandhi Main Road Oragadam
Member.Member_Per_Addr2 = 
Member.Member_Per_City = Chennai
Member.PStateID = 1
Member.Member_Per_Country = India
Member.Member_Per_Pincode = 000000
Member.Member_Nativity = Kerala
MaritalStatus = Married
Member.Spouse_Name = testing
Member.Spouse_DOB = 2001-02-28
Member.Date_Of_Marriage = 2024-02-28
Member.Total_Children = 1
Member.Family_Photo_Path = /Uploads/FamilyPhotos/33/0a3dcf91-5c36-497d-a01f-83b722b57eca.jpg
Children[0].Child_Name = master
Children[0].Child_DOB = 2025-08-07
Children[0].Child_Age = 0
Children[0].Child_Gender = 1
Children[0].Child_Current_Position = 5
Children[0].Child_MaritalStatus = 1
Member.EmploymentType = Self
Member.Business_Name = slice 
Member.Business_Location = slice
Member.Occupation = main 
MemberIn[] = 
Since[] = 
CurrentDesignation[] = 
Member.Interests_and_Hobbies = hiii
Member.Reference_By = Self
Member.Reference_Contact_No = 6369507903
[POST Save] User=loki MemberID=33 Created="29-08-2025 07:28:09" Modified="29-08-2025 16:32:15"
[GET Create] User=loki MemberID=33 Created="29-08-2025 07:28:09" Modified="29-08-2025 16:32:15"
[GET Create] User=loki MemberID=33 Created="29-08-2025 07:28:09" Modified="29-08-2025 16:32:15"
[GET Create] User=loki MemberID=33 Created="29-08-2025 07:28:09" Modified="29-08-2025 16:32:15"
[GET Create] User=loki MemberID=33 Created="29-08-2025 07:28:09" Modified="29-08-2025 16:32:15"
[GET Create] User=loki MemberID=33 Created="29-08-2025 07:28:09" Modified="29-08-2025 16:32:15"
----- 29-08-2025 16:40:00 -----
__RequestVerificationToken = 1br4rXrYdb-btGkS018nKM8B4w3fEBmiFqF9wV2zAWbLVIUZjJz7o_YZ84Sq_GjYP8nuTLkt3-s5eRICfjLPyWuRTd_JbIFJs_zqD7pD6g7xxm6-fULa4cGoZ0bAIQsnz_6HNyExU5aWjzPxL2sK2w2
Member.Member_Name = logesh kumar
Member.MemberNo = 1001
Member.DispStatus = 1
Member.Member_Reg_Date = 29-08-2025 07:28:00
Member.Member_Sdate = 29-08-2025 07:28:09
Member.Member_Edate = 29-08-2026 07:28:09
Member.Member_Photo_Path = /Uploads/MemberPhotos/33/image/37147d89-a57d-4e0e-9762-2b9df5507419.jpg
Member.ModifiedBy = loki
Member.ModifiedDateTime = 29-08-2025 16:32:15
Member.UIserID = loki
Member.MemberDNo = 202520011001
Member.CreatedBy = loki
Member.Gender = 2
Member.Member_DOB = 2001-02-28
Member.Member_Age = 24
Member.BldGID = 1
Member.Member_Mobile_No = 6369507903
Member.Member_WhatsApp_No = 
Member.Member_Landline_No = 
Member.Member_EmailID = logeshkumar2528@gmail.com
Member.Member_Addr1 = IPC Church 93 Gandhi Main Road Oragadam
Member.Member_Addr2 = 
Member.Member_City = Chennai
Member.StateID = 1
Member.Member_Country = India
Member.Member_Pincode = 000000
Member.Member_Per_Addr1 = IPC Church 93 Gandhi Main Road Oragadam
Member.Member_Per_Addr2 = 
Member.Member_Per_City = Chennai
Member.PStateID = 1
Member.Member_Per_Country = India
Member.Member_Per_Pincode = 000000
Member.Member_Nativity = Kerala
MaritalStatus = Married
Member.Spouse_Name = testing
Member.Spouse_DOB = 2001-02-28
Member.Date_Of_Marriage = 2024-02-28
Member.Total_Children = 1
Member.Family_Photo_Path = /Uploads/FamilyPhotos/33/0a3dcf91-5c36-497d-a01f-83b722b57eca.jpg
Children[0].Child_Name = master
Children[0].Child_DOB = 2025-08-07
Children[0].Child_Age = 0
Children[0].Child_Gender = 1
Children[0].Child_Current_Position = 5
Children[0].Child_MaritalStatus = 1
Member.EmploymentType = Salaried
Member.Salaried_Location = minus
Member.Occupation = minus
MemberIn[] = 
Since[] = 
CurrentDesignation[] = 
Member.Interests_and_Hobbies = hiii
Member.Reference_By = Self
Member.Reference_Contact_No = 6369507903
[POST Save] User=loki MemberID=33 Created="29-08-2025 07:28:09" Modified="29-08-2025 16:40:00"
[GET Create] User=loki MemberID=33 Created="29-08-2025 07:28:09" Modified="29-08-2025 16:40:00"
----- 29-08-2025 16:40:24 -----
__RequestVerificationToken = XPeCCXHbDN6tQNyqnG6U8PKQObSErWDn6F0sKqIw2gsv-e_sEo0gjw7EGqcEvhXVEFlRHfLMzQJpQ3VVwct7BPgzG59lOOO23-ylivbiV7808H2k8bfEwVIVLIg8_fYvUbm8pGIZbft6SWXMkjOYSQ2
Member.Member_Name = logesh kumar
Member.MemberNo = 1001
Member.DispStatus = 1
Member.Member_Reg_Date = 29-08-2025 07:28:00
Member.Member_Sdate = 29-08-2025 07:28:09
Member.Member_Edate = 29-08-2026 07:28:09
Member.Member_Photo_Path = /Uploads/MemberPhotos/33/image/37147d89-a57d-4e0e-9762-2b9df5507419.jpg
Member.ModifiedBy = loki
Member.ModifiedDateTime = 29-08-2025 16:40:00
Member.UIserID = loki
Member.MemberDNo = 202520011001
Member.CreatedBy = loki
Member.Gender = 2
Member.Member_DOB = 2001-02-28
Member.Member_Age = 24
Member.BldGID = 1
Member.Member_Mobile_No = 6369507903
Member.Member_WhatsApp_No = 
Member.Member_Landline_No = 
Member.Member_EmailID = logeshkumar2528@gmail.com
Member.Member_Addr1 = IPC Church 93 Gandhi Main Road Oragadam
Member.Member_Addr2 = 
Member.Member_City = Chennai
Member.StateID = 1
Member.Member_Country = India
Member.Member_Pincode = 000000
Member.Member_Per_Addr1 = IPC Church 93 Gandhi Main Road Oragadam
Member.Member_Per_Addr2 = 
Member.Member_Per_City = Chennai
Member.PStateID = 1
Member.Member_Per_Country = India
Member.Member_Per_Pincode = 000000
Member.Member_Nativity = Kerala
MaritalStatus = Married
Member.Spouse_Name = testing
Member.Spouse_DOB = 2001-02-28
Member.Date_Of_Marriage = 2024-02-28
Member.Total_Children = 1
Member.Family_Photo_Path = /Uploads/FamilyPhotos/33/0a3dcf91-5c36-497d-a01f-83b722b57eca.jpg
Children[0].Child_Name = master
Children[0].Child_DOB = 2025-08-07
Children[0].Child_Age = 0
Children[0].Child_Gender = 1
Children[0].Child_Current_Position = 5
Children[0].Child_MaritalStatus = 1
Member.EmploymentType = Self
Member.Business_Name = hello
Member.Business_Location = helo
Member.Occupation = hello
MemberIn[] = 
Since[] = 
CurrentDesignation[] = 
Member.Interests_and_Hobbies = hiii
Member.Reference_By = Self
Member.Reference_Contact_No = 6369507903
[POST Save] User=loki MemberID=33 Created="29-08-2025 07:28:09" Modified="29-08-2025 16:40:24"
[GET Create] User=loki MemberID=33 Created="29-08-2025 07:28:09" Modified="29-08-2025 16:40:24"
----- 29-08-2025 16:40:31 -----
__RequestVerificationToken = qilU4h5YyR6vfrWRt93xW6tm5FFtMDQVbisFVvgfrSLJOxfYcFqvE8KDHUPsxsGwdiNpijui2XGzBkUtS-Qhn2cL0n0Lnl_z7-sE7ouioCXuw1ysVLJHlUHkFgmw1SYJ2cHGesskgE4Q7zal_E3hpg2
Member.Member_Name = logesh kumar
Member.MemberNo = 1001
Member.DispStatus = 1
Member.Member_Reg_Date = 29-08-2025 07:28:00
Member.Member_Sdate = 29-08-2025 07:28:09
Member.Member_Edate = 29-08-2026 07:28:09
Member.Member_Photo_Path = /Uploads/MemberPhotos/33/image/37147d89-a57d-4e0e-9762-2b9df5507419.jpg
Member.ModifiedBy = loki
Member.ModifiedDateTime = 29-08-2025 16:40:24
Member.UIserID = loki
Member.MemberDNo = 202520011001
Member.CreatedBy = loki
Member.Gender = 2
Member.Member_DOB = 2001-02-28
Member.Member_Age = 24
Member.BldGID = 1
Member.Member_Mobile_No = 6369507903
Member.Member_WhatsApp_No = 
Member.Member_Landline_No = 
Member.Member_EmailID = logeshkumar2528@gmail.com
Member.Member_Addr1 = IPC Church 93 Gandhi Main Road Oragadam
Member.Member_Addr2 = 
Member.Member_City = Chennai
Member.StateID = 1
Member.Member_Country = India
Member.Member_Pincode = 000000
Member.Member_Per_Addr1 = IPC Church 93 Gandhi Main Road Oragadam
Member.Member_Per_Addr2 = 
Member.Member_Per_City = Chennai
Member.PStateID = 1
Member.Member_Per_Country = India
Member.Member_Per_Pincode = 000000
Member.Member_Nativity = Kerala
MaritalStatus = Married
Member.Spouse_Name = testing
Member.Spouse_DOB = 2001-02-28
Member.Date_Of_Marriage = 2024-02-28
Member.Total_Children = 1
Member.Family_Photo_Path = /Uploads/FamilyPhotos/33/0a3dcf91-5c36-497d-a01f-83b722b57eca.jpg
Children[0].Child_Name = master
Children[0].Child_DOB = 2025-08-07
Children[0].Child_Age = 0
Children[0].Child_Gender = 1
Children[0].Child_Current_Position = 5
Children[0].Child_MaritalStatus = 1
Member.EmploymentType = Student
MemberIn[] = 
Since[] = 
CurrentDesignation[] = 
Member.Interests_and_Hobbies = hiii
Member.Reference_By = Self
Member.Reference_Contact_No = 6369507903
[POST Save] User=loki MemberID=33 Created="29-08-2025 07:28:09" Modified="29-08-2025 16:40:31"
[GET Create] User=loki MemberID=33 Created="29-08-2025 07:28:09" Modified="29-08-2025 16:40:31"
[GET Create] User=loki MemberID=33 Created="29-08-2025 07:28:09" Modified="29-08-2025 16:40:31"
----- 29-08-2025 16:43:39 -----
__RequestVerificationToken = sfL_a-zLFrKQN88VPv6Y6v1MRMeKqJWM0-19lloBgBbW-XhBk94PBGckr0HtOt2cpeJ-zBCRPukC1dS0LhAVA7BY00pk9HESAOJj32JzQAxDI_S_HVuGylTI2GDSn2HWbPN2AIDDbzwE6xy0bufZRA2
Member.Member_Name = logesh kumar
Member.MemberNo = 1001
Member.DispStatus = 1
Member.Member_Reg_Date = 29-08-2025 07:28:00
Member.Member_Sdate = 29-08-2025 07:28:09
Member.Member_Edate = 29-08-2026 07:28:09
Member.Member_Photo_Path = /Uploads/MemberPhotos/33/image/37147d89-a57d-4e0e-9762-2b9df5507419.jpg
Member.ModifiedBy = loki
Member.ModifiedDateTime = 29-08-2025 16:40:31
Member.UIserID = loki
Member.MemberDNo = 202520011001
Member.CreatedBy = loki
Member.Gender = 2
Member.Member_DOB = 2001-02-28
Member.Member_Age = 24
Member.BldGID = 1
Member.Member_Mobile_No = 6369507903
Member.Member_WhatsApp_No = 
Member.Member_Landline_No = 
Member.Member_EmailID = logeshkumar2528@gmail.com
Member.Member_Addr1 = IPC Church 93 Gandhi Main Road Oragadam
Member.Member_Addr2 = 
Member.Member_City = Chennai
Member.StateID = 1
Member.Member_Country = India
Member.Member_Pincode = 000000
Member.Member_Per_Addr1 = IPC Church 93 Gandhi Main Road Oragadam
Member.Member_Per_Addr2 = 
Member.Member_Per_City = Chennai
Member.PStateID = 1
Member.Member_Per_Country = India
Member.Member_Per_Pincode = 000000
Member.Member_Nativity = Kerala
MaritalStatus = Married
Member.Spouse_Name = testing
Member.Spouse_DOB = 2001-02-28
Member.Date_Of_Marriage = 2024-02-28
Member.Total_Children = 1
Member.Family_Photo_Path = /Uploads/FamilyPhotos/33/0a3dcf91-5c36-497d-a01f-83b722b57eca.jpg
Children[0].Child_Name = master
Children[0].Child_DOB = 2025-08-07
Children[0].Child_Age = 0
Children[0].Child_Gender = 1
Children[0].Child_Current_Position = 5
Children[0].Child_MaritalStatus = 1
Member.EmploymentType = Self
Member.Business_Name = sin
Member.Business_Location = sin
Member.Occupation = master
MemberIn[] = 
Since[] = 
CurrentDesignation[] = 
Member.Interests_and_Hobbies = hiii
Member.Reference_By = Self
Member.Reference_Contact_No = 6369507903
[POST Save] User=loki MemberID=33 Created="29-08-2025 07:28:09" Modified="29-08-2025 16:43:39"
[GET Create] User=loki MemberID=33 Created="29-08-2025 07:28:09" Modified="29-08-2025 16:43:39"
[GET Create] User=kumar MemberID=62 Created="12-09-2025 13:21:27" Modified="12-09-2025 13:51:19"
[GET Create] User=kumar MemberID=62 Created="12-09-2025 13:21:27" Modified="12-09-2025 13:51:19"
[GET Create] User=kumar MemberID=62 Created="12-09-2025 13:21:27" Modified="12-09-2025 13:51:19"
----- 12-09-2025 15:23:11 -----
__RequestVerificationToken = A4HDFBXjPfAxmFVkNcF-zBRahM7-l_bNf0Jkt4cBSQiAixPE5dHwluA4tjvNI7tXQV9AvMrMFqgQ2duaarAvIEy-V784sEYBhoLOg68zt6zTl2YG07aN4uUv9DCrw8p-gFPvleoNM9MV6YCezT3TBw2
Member.Member_Name = Lokesh Kumardd
Member.MemberNo = 1004
Member.DispStatus = 1
Member.Member_Reg_Date = 12-09-2025 13:21:00
Member.Member_Sdate = 12-09-2025 00:00:00
Member.Member_Edate = 12-09-2026 00:00:00
Member.Member_Photo_Path = 
Member.ModifiedBy = admin
Member.ModifiedDateTime = 12-09-2025 13:51:19
Member.UIserID = kumar
Member.MemberDNo = 202520011004
Member.CreatedBy = admin
Member.Gender = 2
Member.Member_DOB = 2001-03-12
Member.Member_Age = 24
Member.BldGID = 3
Member.Member_Mobile_No = 9646217724
Member.Member_WhatsApp_No = 9082245123
Member.Member_Landline_No = 0456238647
Member.Member_EmailID = loki1fgdfgdsf23@gmail.com
Member.Member_Addr1 = Address1
Member.Member_Addr2 = Middle Streetdfdf
Member.Member_City = Tirunelvelighgh
Member.Member_Area = mambalamferererer
Member.StateID = 13
Member.Member_Country = India
Member.Member_Pincode = 641601
Member.Member_Per_Addr1 = Address1
Member.Member_Per_Addr2 = Middle Streetdfdf
Member.Member_Per_City = Tirunelvelighgh
Member.Member_Per_Area = saidapetfgfgererer
Member.PStateID = 13
Member.Member_Per_Country = India
Member.Member_Per_Pincode = 641601
Member.Member_Nativity = Kerala
MaritalStatus = Single
Member.Spouse_Name = 
Member.Spouse_DOB = 
Member.Date_Of_Marriage = 
Member.Total_Children = 0
Member.Family_Photo_Path = 
Member.EmploymentType = Salaried
Member.Salaried_Location = -
Member.Occupation = Marketing
MemberIn[] = The Malayalee Club
Since[] = 2000
CurrentDesignation[] = Member
Member.Interests_and_Hobbies = hii
Member.Reference_By = Self
Member.Reference_Contact_No = 6369507903
[POST Save] User=kumar MemberID=62 Created="12-09-2025 13:21:27" Modified="12-09-2025 15:23:11"
[GET Create] User=kumar MemberID=62 Created="12-09-2025 13:21:27" Modified="12-09-2025 15:23:11"
[GET Create] User=kumar MemberID=62 Created="12-09-2025 13:21:27" Modified="12-09-2025 15:23:11"
[GET Create] User=maddy MemberID=63 Created="12-09-2025 15:24:42" Modified=""
----- 12-09-2025 15:25:20 -----
__RequestVerificationToken = sKw5Xy2wnfEAOgM-M0YczjeUavT94nFaXquE3mtlRgunUR9ozJMHeX_W68IaSSwtxdxbi_WMJO5rQgumlARxi9IUk3QAg8uQyzV68I89YzwW_Xx1NVtZ_70yP9vF0hqb0MG8lAQVxTPmo90rDH-_hA2
Member.Member_Name = Mathavan M Mathavan M
Member.MemberNo = 1005
Member.DispStatus = 1
Member.Member_Reg_Date = 12-09-2025 15:25:00
Member.Member_Sdate = 12-09-2025 15:24:42
Member.Member_Edate = 12-09-2026 15:24:42
Member.Member_Photo_Path = 
Member.ModifiedBy = 
Member.ModifiedDateTime = 
Member.UIserID = maddy
Member.MemberDNo = 202520011005
Member.CreatedBy = maddy
Member.Gender = 1
Member.Member_DOB = 2001-04-17
Member.Member_Age = 24
Member.BldGID = 1
Member.Member_Mobile_No = 9360687789
Member.Member_WhatsApp_No = 9082245123
Member.Member_Landline_No = 0456238647
Member.Member_EmailID = maddymathavan345@gmail.com
Member.Member_Addr1 = Address1
Member.Member_Addr2 = Middle Streetdfdf
Member.Member_City = Tirunelvelighgh
Member.Member_Area = mambalamferererer
Member.StateID = 13
Member.Member_Country = India
Member.Member_Pincode = 000000
Member.Member_Per_Addr1 = Address1
Member.Member_Per_Addr2 = Middle Streetdfdf
Member.Member_Per_City = Tirunelvelighgh
Member.Member_Per_Area = mambalamferererer
Member.PStateID = 13
Member.Member_Per_Country = India
Member.Member_Per_Pincode = 000000
Member.Member_Nativity = Kerala
MaritalStatus = Single
Member.Spouse_Name = 
Member.Spouse_DOB = 
Member.Date_Of_Marriage = 
Member.Total_Children = 
Member.Family_Photo_Path = 
Member.EmploymentType = Salaried
Member.Salaried_Location = -
Member.Occupation = Marketing
MemberIn[] = The Malayalee Club
Since[] = 2000
CurrentDesignation[] = Member
Member.Interests_and_Hobbies = hii
Member.Reference_By = Self
Member.Reference_Contact_No = 9360687789
[POST Save] User=maddy MemberID=63 Created="12-09-2025 15:24:42" Modified="12-09-2025 15:25:20"
[GET Create] User=maddy MemberID=63 Created="12-09-2025 15:24:42" Modified="12-09-2025 15:25:20"
[GET Create] User=maddy MemberID=63 Created="12-09-2025 15:24:42" Modified="12-09-2025 15:25:20"
----- 12-09-2025 15:25:33 -----
__RequestVerificationToken = AKxE7sKx53wKRsFu2Y9mmdEYsFmzSgqKnCSruaUC8QTs_NwHL3pKuvcNXz_6FdGUI9JGFDIarkMf76U_DsMwAsGzQP5Lnt0ZV3zkn7gQEibd2P6uLVTclv-o9Whe1nqJnyjvC8Ua4FHRm3VYUBac0w2
Member.Member_Name = Mathavan M Mathavan M
Member.MemberNo = 1005
Member.DispStatus = 1
Member.Member_Reg_Date = 12-09-2025 15:25:00
Member.Member_Sdate = 12-09-2025 15:24:42
Member.Member_Edate = 12-09-2026 15:24:42
Member.Member_Photo_Path = 
Member.ModifiedBy = maddy
Member.ModifiedDateTime = 12-09-2025 15:25:20
Member.UIserID = maddy
Member.MemberDNo = 202520011005
Member.CreatedBy = maddy
Member.Gender = 1
Member.Member_DOB = 2001-04-17
Member.Member_Age = 24
Member.BldGID = 1
Member.Member_Mobile_No = 9360687789
Member.Member_WhatsApp_No = 9082245123
Member.Member_Landline_No = 0456238647
Member.Member_EmailID = maddymathavan345@gmail.com
Member.Member_Addr1 = Address1
Member.Member_Addr2 = Middle Streetdfdf
Member.Member_City = Tirunelvelighgh
Member.Member_Area = mambalamferererer
Member.StateID = 13
Member.Member_Country = India
Member.Member_Pincode = 000000
Member.Member_Per_Addr1 = Address1
Member.Member_Per_Addr2 = Middle Streetdfdf
Member.Member_Per_City = Tirunelvelighgh
Member.Member_Per_Area = mambalamfererereriiiiiii
Member.PStateID = 13
Member.Member_Per_Country = India
Member.Member_Per_Pincode = 000000
Member.Member_Nativity = Kerala
MaritalStatus = Single
Member.Spouse_Name = 
Member.Spouse_DOB = 
Member.Date_Of_Marriage = 
Member.Total_Children = 0
Member.Family_Photo_Path = 
Member.EmploymentType = Salaried
Member.Salaried_Location = -
Member.Occupation = Marketing
MemberIn[] = The Malayalee Club
Since[] = 2000
CurrentDesignation[] = Member
Member.Interests_and_Hobbies = hii
Member.Reference_By = Self
Member.Reference_Contact_No = 9360687789
[POST Save] User=maddy MemberID=63 Created="12-09-2025 15:24:42" Modified="12-09-2025 15:25:34"
[GET Create] User=maddy MemberID=63 Created="12-09-2025 15:24:42" Modified="12-09-2025 15:25:34"
[GET Create] User=maddy MemberID=63 Created="12-09-2025 15:24:42" Modified="12-09-2025 15:25:34"
----- 12-09-2025 15:27:00 -----
__RequestVerificationToken = 5qKPTqfoGq90zwXtFBCIUKKtX4BouQ7REm-rli_b1bGD5mGoMhW_oN4MQgfuN9Nu2Div720KnPb6aQbfXlMDXJU0avGs4UEemGpgAPasCwZPMJAzFVdo4rkyeALZNN8XUUqoHM1U1BRb7jMBlFQIGw2
Member.Member_Name = Mathavan M Mathavan M
Member.MemberNo = 1005
Member.DispStatus = 1
Member.Member_Reg_Date = 12-09-2025 15:25:00
Member.Member_Sdate = 12-09-2025 15:24:42
Member.Member_Edate = 12-09-2026 15:24:42
Member.Member_Photo_Path = 
Member.ModifiedBy = maddy
Member.ModifiedDateTime = 12-09-2025 15:25:34
Member.UIserID = maddy
Member.MemberDNo = 202520011005
Member.CreatedBy = maddy
Member.Gender = 1
Member.Member_DOB = 2001-04-17
Member.Member_Age = 24
Member.BldGID = 1
Member.Member_Mobile_No = 9360687789
Member.Member_WhatsApp_No = 9082245123
Member.Member_Landline_No = 0456238647
Member.Member_EmailID = maddymathavan345@gmail.com
Member.Member_Addr1 = Address1
Member.Member_Addr2 = Middle Streetdfdf
Member.Member_City = Tirunelvelighgh
Member.Member_Area = mambalamferererer
Member.StateID = 10
Member.Member_Country = India
Member.Member_Pincode = 000000
Member.Member_Per_Addr1 = Address1
Member.Member_Per_Addr2 = Middle Streetdfdf
Member.Member_Per_City = Tirunelvelighgh
Member.Member_Per_Area = mambalamfererereriiiiiii
Member.PStateID = 10
Member.Member_Per_Country = India
Member.Member_Per_Pincode = 000000
Member.Member_Nativity = Kerala
MaritalStatus = Married
Member.Spouse_Name = Sowmini
Member.Spouse_DOB = 2001-05-12
Member.Date_Of_Marriage = 2025-12-12
Member.Total_Children = 0
Member.Family_Photo_Path = 
Member.EmploymentType = Salaried
Member.Salaried_Location = -
Member.Occupation = Marketing
MemberIn[] = The Malayalee Club
Since[] = 2000
CurrentDesignation[] = Member
Member.Interests_and_Hobbies = hii
Member.Reference_By = Self
Member.Reference_Contact_No = 9360687789
[POST Save] User=maddy MemberID=63 Created="12-09-2025 15:24:42" Modified="12-09-2025 15:27:00"
[GET Create] User=maddy MemberID=63 Created="12-09-2025 15:24:42" Modified="12-09-2025 15:27:00"
[GET Create] User=maddy MemberID=63 Created="12-09-2025 15:24:42" Modified="12-09-2025 15:27:00"
[GET Create] User=kumar MemberID=62 Created="12-09-2025 13:21:27" Modified="12-09-2025 15:23:11"
[GET Create] User=kumar MemberID=64 Created="13-09-2025 12:34:43" Modified=""
